
Edited on 28 December 01:03 AM

Edited on 28 December 01:11 AM

Edited on 28 December 01:16 AM

Edited on 28 December 01:18 AM

Edited on 28 December 01:19 AM

Edited on 28 December 01:34 AM

Edited on 28 December 01:38 AM

Edited on 28 December 01:43 AM

Edited on 28 December 01:46 AM

30593df83194 - 12 digit number

Edited on 28 December 01:59 AM

Edited on 28 December 02:00 AM

30593df83194 - 12 digit number

Edited on 29 December 12:29 AM

Edited on 29 December 12:31 AM

Edited on 29 December 12:32 AM

30593df83194 - 12 digit number

Edited on 29 December 12:37 AM

Edited on 29 December 12:37 AM

Edited on 29 December 12:44 AM

Edited on 01 January 12:41 PM

Edited on 01 January 12:42 PM

Edited on 01 January 03:24 PM

Edited on 01 January 03:25 PM

30593df83194 - 12 digit number

Edited on 01 January 03:35 PM

Edited on 01 January 03:36 PM

Edited on 01 January 03:39 PM

Edited on 01 January 03:41 PM

Edited on 01 January 03:44 PM

Edited on 01 January 03:47 PM

Edited on 01 January 03:49 PM

3324172828 - Not on whatsapp

3241049526 - Not on whatsapp

3334710656 - Not on whatsapp

3034443451 - Not on whatsapp

3476196012 - Not on whatsapp

3214163470 - Not on whatsapp

 - 0 digit number

Edited on 01 January 03:58 PM

3004695395 - Not on whatsapp

 - 0 digit number

 - 0 digit number

Edited on 01 January 04:07 PM

Edited on 01 January 04:10 PM

Edited on 01 January 04:11 PM

Edited on 01 January 04:12 PM

Edited on 01 January 04:22 PM

Edited on 01 January 04:29 PM

3005146776 - Not on whatsapp

3354528279 - Not on whatsapp

3229444445 - Not on whatsapp

Edited on 01 January 04:35 PM

Edited on 01 January 04:40 PM

3219455381 - Not on whatsapp

Edited on 01 January 04:41 PM

3208788675 - Not on whatsapp

3215557477 - Not on whatsapp

3349755581 - Not on whatsapp

Edited on 01 January 04:47 PM

3219579595 - Not on whatsapp

3480143134 - Not on whatsapp

3214205052 - Not on whatsapp

3214727055 - Not on whatsapp

3004506606 - Not on whatsapp

3493623029 - Not on whatsapp

3009269246 - Not on whatsapp

3440235653 - Not on whatsapp

Edited on 01 January 05:03 PM

Edited on 01 January 05:04 PM

Edited on 01 January 05:06 PM

3493623029 - Not on whatsapp

3440235653 - Not on whatsapp

3366030006 - Not on whatsapp

3344317271 - Not on whatsapp

3129741733 - Not on whatsapp

3471078836 - Not on whatsapp

3338251516 - Not on whatsapp

3344032749 - Not on whatsapp

3208412358 - Not on whatsapp

3344062860 - Not on whatsapp

3366663658 - Not on whatsapp

3326957117 - Not on whatsapp

3325462365 - Not on whatsapp

3314793126 - Not on whatsapp

3324294885 - Not on whatsapp

3234656339 - Not on whatsapp

3208400004 - Not on whatsapp

3224881893 - Not on whatsapp

3215380287 - Not on whatsapp

3314473264 - Not on whatsapp

3334386857 - Not on whatsapp

3361917227 - Not on whatsapp

3214258094 - Not on whatsapp

3223506626 - Not on whatsapp

3333940315 - Not on whatsapp

3153213944 - Not on whatsapp

3364384922 - Not on whatsapp

3004688861 - Not on whatsapp

3364812157 - Not on whatsapp

3470036624 - Not on whatsapp

3224535633 - Not on whatsapp

3224488929 - Not on whatsapp

3214038472 - Not on whatsapp

3244799338 - Not on whatsapp

3205592244 - Not on whatsapp

3217100975 - Not on whatsapp

3213142783 - Not on whatsapp

3215191645 - Not on whatsapp

3200520524 - Not on whatsapp

3212440509 - Not on whatsapp

3060699889 - Not on whatsapp

Edited on 01 January 05:52 PM

3215191645 - Not on whatsapp

3200520524 - Not on whatsapp

3200003411 - Not on whatsapp

3244867395 - Not on whatsapp

3004059761 - Not on whatsapp

3368627997 - Not on whatsapp

3324290550 - Not on whatsapp

3454021491 - Not on whatsapp

3333445145 - Not on whatsapp

3360630255 - Not on whatsapp

3349724898 - Not on whatsapp

3144556152 - Not on whatsapp

3362133008 - Not on whatsapp

3114294351 - Not on whatsapp

3176711604 - Not on whatsapp

3214090175 - Not on whatsapp

3009079435 - Not on whatsapp

3009468953 - Not on whatsapp

3002968004 - Not on whatsapp

3224420110 - Not on whatsapp

3352696953 - Not on whatsapp

3206677087 - Not on whatsapp

3212911734 - Not on whatsapp
